[    1257ms] [INFO] %cDownload the React DevTools for a better development experience: https://react.dev/link/react-devtools font-weight:bold @ webpack-internal:///(app-pages-browser)/./node_modules/next/dist/compiled/react-dom/cjs/react-dom-client.development.js:24833
[    2966ms] [ERROR] Failed to load resource: the server responded with a status of 401 (Unauthorized) @ http://localhost:8000/api/v1/auth/user:0
[    3179ms] [ERROR] Failed to load resource: the server responded with a status of 401 (Unauthorized) @ http://localhost:8000/api/v1/templates:0
[    3395ms] [ERROR] Failed to load resource: the server responded with a status of 401 (Unauthorized) @ http://localhost:8000/api/v1/media:0
[    3646ms] [ERROR] Failed to load resource: the server responded with a status of 401 (Unauthorized) @ http://localhost:8000/api/v1/love-story:0
[    3866ms] [ERROR] Failed to load resource: the server responded with a status of 401 (Unauthorized) @ http://localhost:8000/api/v1/entourage:0
[    4062ms] [ERROR] Failed to load resource: the server responded with a status of 401 (Unauthorized) @ http://localhost:8000/api/v1/invitation:0
[    4539ms] [ERROR] Failed to load resource: the server responded with a status of 401 (Unauthorized) @ http://localhost:8000/api/v1/templates:0
[    5121ms] [ERROR] Failed to load resource: the server responded with a status of 401 (Unauthorized) @ http://localhost:8000/api/v1/media:0
[    5564ms] [ERROR] Failed to load resource: the server responded with a status of 401 (Unauthorized) @ http://localhost:8000/api/v1/love-story:0
[    6016ms] [ERROR] Failed to load resource: the server responded with a status of 401 (Unauthorized) @ http://localhost:8000/api/v1/entourage:0
[    6220ms] [ERROR] Failed to load resource: the server responded with a status of 401 (Unauthorized) @ http://localhost:8000/api/v1/invitation:0
[    6923ms] [ERROR] Failed to load resource: the server responded with a status of 401 (Unauthorized) @ http://localhost:8000/api/v1/templates:0
[    7473ms] [ERROR] Failed to load resource: the server responded with a status of 401 (Unauthorized) @ http://localhost:8000/api/v1/media:0
[    7928ms] [ERROR] Failed to load resource: the server responded with a status of 401 (Unauthorized) @ http://localhost:8000/api/v1/love-story:0
[    8379ms] [ERROR] Failed to load resource: the server responded with a status of 401 (Unauthorized) @ http://localhost:8000/api/v1/entourage:0
[    8783ms] [ERROR] Failed to load resource: the server responded with a status of 401 (Unauthorized) @ http://localhost:8000/api/v1/invitation:0
[   11279ms] [ERROR] Failed to load resource: the server responded with a status of 401 (Unauthorized) @ http://localhost:8000/api/v1/templates:0
[   11883ms] [ERROR] Failed to load resource: the server responded with a status of 401 (Unauthorized) @ http://localhost:8000/api/v1/media:0
[   12274ms] [ERROR] Failed to load resource: the server responded with a status of 401 (Unauthorized) @ http://localhost:8000/api/v1/love-story:0
[   12805ms] [ERROR] Failed to load resource: the server responded with a status of 401 (Unauthorized) @ http://localhost:8000/api/v1/entourage:0
[   13144ms] [ERROR] Failed to load resource: the server responded with a status of 401 (Unauthorized) @ http://localhost:8000/api/v1/invitation:0
[  115589ms] [ERROR] Failed to load resource: the server responded with a status of 419 (unknown status) @ http://localhost:8000/api/v1/invitation:0
[  146060ms] [ERROR] Failed to load resource: the server responded with a status of 419 (unknown status) @ http://localhost:8000/api/v1/invitation:0
[  176491ms] [ERROR] Failed to load resource: the server responded with a status of 419 (unknown status) @ http://localhost:8000/api/v1/invitation:0
[  206919ms] [ERROR] Failed to load resource: the server responded with a status of 419 (unknown status) @ http://localhost:8000/api/v1/invitation:0
[  230452ms] [LOG] [Fast Refresh] rebuilding @ webpack-internal:///(app-pages-browser)/./node_modules/next/dist/client/components/react-dev-overlay/app/hot-reloader-client.js:241
[  231596ms] [LOG] [Fast Refresh] done in 1143ms @ webpack-internal:///(app-pages-browser)/./node_modules/next/dist/client/components/react-dev-overlay/app/hot-reloader-client.js:73
[  234068ms] [ERROR] Failed to load resource: the server responded with a status of 401 (Unauthorized) @ http://localhost:8000/api/v1/auth/user:0
[  234254ms] [ERROR] Failed to load resource: the server responded with a status of 401 (Unauthorized) @ http://localhost:8000/api/v1/templates:0
[  234452ms] [ERROR] Failed to load resource: the server responded with a status of 401 (Unauthorized) @ http://localhost:8000/api/v1/media:0
[  234695ms] [ERROR] Failed to load resource: the server responded with a status of 401 (Unauthorized) @ http://localhost:8000/api/v1/love-story:0
[  234884ms] [ERROR] Failed to load resource: the server responded with a status of 401 (Unauthorized) @ http://localhost:8000/api/v1/entourage:0
[  235065ms] [ERROR] Failed to load resource: the server responded with a status of 401 (Unauthorized) @ http://localhost:8000/api/v1/invitation:0
[  236086ms] [ERROR] Failed to load resource: the server responded with a status of 401 (Unauthorized) @ http://localhost:3000/api/v1/media:0
[  236286ms] [ERROR] Failed to load resource: the server responded with a status of 401 (Unauthorized) @ http://localhost:3000/api/v1/love-story:0
[  236480ms] [ERROR] Failed to load resource: the server responded with a status of 401 (Unauthorized) @ http://localhost:3000/api/v1/templates:0
[  236718ms] [ERROR] Failed to load resource: the server responded with a status of 401 (Unauthorized) @ http://localhost:3000/api/v1/entourage:0
[  236984ms] [ERROR] Failed to load resource: the server responded with a status of 401 (Unauthorized) @ http://localhost:3000/api/v1/invitation:0
[  238289ms] [ERROR] Failed to load resource: the server responded with a status of 401 (Unauthorized) @ http://localhost:3000/api/v1/media:0
[  238498ms] [ERROR] Failed to load resource: the server responded with a status of 401 (Unauthorized) @ http://localhost:3000/api/v1/love-story:0
[  238738ms] [ERROR] Failed to load resource: the server responded with a status of 401 (Unauthorized) @ http://localhost:3000/api/v1/templates:0
[  238925ms] [ERROR] Failed to load resource: the server responded with a status of 401 (Unauthorized) @ http://localhost:3000/api/v1/entourage:0
[  239196ms] [ERROR] Failed to load resource: the server responded with a status of 401 (Unauthorized) @ http://localhost:3000/api/v1/invitation:0
[  242518ms] [ERROR] Failed to load resource: the server responded with a status of 401 (Unauthorized) @ http://localhost:3000/api/v1/media:0
[  242776ms] [ERROR] Failed to load resource: the server responded with a status of 401 (Unauthorized) @ http://localhost:3000/api/v1/love-story:0
[  243001ms] [ERROR] Failed to load resource: the server responded with a status of 401 (Unauthorized) @ http://localhost:3000/api/v1/templates:0
[  243208ms] [ERROR] Failed to load resource: the server responded with a status of 401 (Unauthorized) @ http://localhost:3000/api/v1/entourage:0
[  243469ms] [ERROR] Failed to load resource: the server responded with a status of 401 (Unauthorized) @ http://localhost:3000/api/v1/invitation:0
[  261999ms] [ERROR] Failed to load resource: the server responded with a status of 419 (unknown status) @ http://localhost:3000/api/v1/invitation:0
[  292396ms] [ERROR] Failed to load resource: the server responded with a status of 419 (unknown status) @ http://localhost:3000/api/v1/invitation:0
[  322744ms] [ERROR] Failed to load resource: the server responded with a status of 419 (unknown status) @ http://localhost:3000/api/v1/invitation:0
[  353034ms] [ERROR] Failed to load resource: the server responded with a status of 419 (unknown status) @ http://localhost:3000/api/v1/invitation:0
[  383321ms] [ERROR] Failed to load resource: the server responded with a status of 419 (unknown status) @ http://localhost:3000/api/v1/invitation:0
[  413702ms] [ERROR] Failed to load resource: the server responded with a status of 419 (unknown status) @ http://localhost:3000/api/v1/invitation:0
[  443987ms] [ERROR] Failed to load resource: the server responded with a status of 419 (unknown status) @ http://localhost:3000/api/v1/invitation:0
[  474287ms] [ERROR] Failed to load resource: the server responded with a status of 419 (unknown status) @ http://localhost:3000/api/v1/invitation:0
[  504612ms] [ERROR] Failed to load resource: the server responded with a status of 419 (unknown status) @ http://localhost:3000/api/v1/invitation:0
[  534948ms] [ERROR] Failed to load resource: the server responded with a status of 419 (unknown status) @ http://localhost:3000/api/v1/invitation:0
[  565268ms] [ERROR] Failed to load resource: the server responded with a status of 419 (unknown status) @ http://localhost:3000/api/v1/invitation:0
[  595580ms] [ERROR] Failed to load resource: the server responded with a status of 419 (unknown status) @ http://localhost:3000/api/v1/invitation:0
[  625873ms] [ERROR] Failed to load resource: the server responded with a status of 419 (unknown status) @ http://localhost:3000/api/v1/invitation:0
[  656204ms] [ERROR] Failed to load resource: the server responded with a status of 419 (unknown status) @ http://localhost:3000/api/v1/invitation:0
[  686516ms] [ERROR] Failed to load resource: the server responded with a status of 419 (unknown status) @ http://localhost:3000/api/v1/invitation:0
[  716813ms] [ERROR] Failed to load resource: the server responded with a status of 419 (unknown status) @ http://localhost:3000/api/v1/invitation:0
[  747109ms] [ERROR] Failed to load resource: the server responded with a status of 419 (unknown status) @ http://localhost:3000/api/v1/invitation:0
[  777453ms] [ERROR] Failed to load resource: the server responded with a status of 419 (unknown status) @ http://localhost:3000/api/v1/invitation:0
[  807773ms] [ERROR] Failed to load resource: the server responded with a status of 419 (unknown status) @ http://localhost:3000/api/v1/invitation:0
[  838070ms] [ERROR] Failed to load resource: the server responded with a status of 419 (unknown status) @ http://localhost:3000/api/v1/invitation:0
[  868368ms] [ERROR] Failed to load resource: the server responded with a status of 419 (unknown status) @ http://localhost:3000/api/v1/invitation:0
[  898760ms] [ERROR] Failed to load resource: the server responded with a status of 419 (unknown status) @ http://localhost:3000/api/v1/invitation:0
[  929060ms] [ERROR] Failed to load resource: the server responded with a status of 419 (unknown status) @ http://localhost:3000/api/v1/invitation:0
[  931148ms] [LOG] [Fast Refresh] rebuilding @ webpack-internal:///(app-pages-browser)/./node_modules/next/dist/client/components/react-dev-overlay/app/hot-reloader-client.js:241
[  931803ms] [LOG] [Fast Refresh] done in 655ms @ webpack-internal:///(app-pages-browser)/./node_modules/next/dist/client/components/react-dev-overlay/app/hot-reloader-client.js:73
[  933866ms] [ERROR] Failed to load resource: the server responded with a status of 401 (Unauthorized) @ http://localhost:3000/api/v1/auth/user:0
[  963620ms] [ERROR] Failed to load resource: the server responded with a status of 419 (unknown status) @ http://localhost:3000/api/v1/invitation:0
[  966021ms] [LOG] [Fast Refresh] rebuilding @ webpack-internal:///(app-pages-browser)/./node_modules/next/dist/client/components/react-dev-overlay/app/hot-reloader-client.js:241
[  966474ms] [LOG] [Fast Refresh] done in 453ms @ webpack-internal:///(app-pages-browser)/./node_modules/next/dist/client/components/react-dev-overlay/app/hot-reloader-client.js:73
[  968092ms] [ERROR] Failed to load resource: the server responded with a status of 401 (Unauthorized) @ http://localhost:3000/api/v1/auth/user:0
[  969220ms] [LOG] [Fast Refresh] rebuilding @ webpack-internal:///(app-pages-browser)/./node_modules/next/dist/client/components/react-dev-overlay/app/hot-reloader-client.js:241
[  969756ms] [LOG] [Fast Refresh] done in 536ms @ webpack-internal:///(app-pages-browser)/./node_modules/next/dist/client/components/react-dev-overlay/app/hot-reloader-client.js:73
[ 1000506ms] [LOG] [Fast Refresh] rebuilding @ webpack-internal:///(app-pages-browser)/./node_modules/next/dist/client/components/react-dev-overlay/app/hot-reloader-client.js:241
[ 1002070ms] [LOG] [Fast Refresh] done in 1564ms @ webpack-internal:///(app-pages-browser)/./node_modules/next/dist/client/components/react-dev-overlay/app/hot-reloader-client.js:73
[ 1003736ms] [ERROR] Failed to load resource: the server responded with a status of 500 (Internal Server Error) @ http://localhost:3000/api/v1/invitation:0
[ 1004186ms] [LOG] [Fast Refresh] rebuilding @ webpack-internal:///(app-pages-browser)/./node_modules/next/dist/client/components/react-dev-overlay/app/hot-reloader-client.js:241
[ 1005962ms] [LOG] [Fast Refresh] done in 1776ms @ webpack-internal:///(app-pages-browser)/./node_modules/next/dist/client/components/react-dev-overlay/app/hot-reloader-client.js:73
[ 1006550ms] [ERROR] Failed to load resource: the server responded with a status of 404 (Not Found) @ http://localhost:3000/_next/static/css/app/layout.css?v=1775719927342:0
[ 1006558ms] Event
[ 1036882ms] [ERROR] Failed to load resource: the server responded with a status of 500 (Internal Server Error) @ http://localhost:3000/api/v1/invitation:0
[ 1067238ms] [ERROR] Failed to load resource: the server responded with a status of 500 (Internal Server Error) @ http://localhost:3000/api/v1/invitation:0
[ 1097583ms] [ERROR] Failed to load resource: the server responded with a status of 500 (Internal Server Error) @ http://localhost:3000/api/v1/invitation:0
[ 1127907ms] [ERROR] Failed to load resource: the server responded with a status of 500 (Internal Server Error) @ http://localhost:3000/api/v1/invitation:0
[ 1158249ms] [ERROR] Failed to load resource: the server responded with a status of 500 (Internal Server Error) @ http://localhost:3000/api/v1/invitation:0
[ 1188583ms] [ERROR] Failed to load resource: the server responded with a status of 500 (Internal Server Error) @ http://localhost:3000/api/v1/invitation:0
[ 1218931ms] [ERROR] Failed to load resource: the server responded with a status of 500 (Internal Server Error) @ http://localhost:3000/api/v1/invitation:0
[ 1249252ms] [ERROR] Failed to load resource: the server responded with a status of 500 (Internal Server Error) @ http://localhost:3000/api/v1/invitation:0
[ 1279596ms] [ERROR] Failed to load resource: the server responded with a status of 500 (Internal Server Error) @ http://localhost:3000/api/v1/invitation:0
[ 1309934ms] [ERROR] Failed to load resource: the server responded with a status of 500 (Internal Server Error) @ http://localhost:3000/api/v1/invitation:0
[ 1340270ms] [ERROR] Failed to load resource: the server responded with a status of 500 (Internal Server Error) @ http://localhost:3000/api/v1/invitation:0
[ 1370616ms] [ERROR] Failed to load resource: the server responded with a status of 500 (Internal Server Error) @ http://localhost:3000/api/v1/invitation:0
[ 1400956ms] [ERROR] Failed to load resource: the server responded with a status of 500 (Internal Server Error) @ http://localhost:3000/api/v1/invitation:0
[ 1431321ms] [ERROR] Failed to load resource: the server responded with a status of 500 (Internal Server Error) @ http://localhost:3000/api/v1/invitation:0
[ 1461646ms] [ERROR] Failed to load resource: the server responded with a status of 500 (Internal Server Error) @ http://localhost:3000/api/v1/invitation:0
[ 1491983ms] [ERROR] Failed to load resource: the server responded with a status of 500 (Internal Server Error) @ http://localhost:3000/api/v1/invitation:0
[ 1522345ms] [ERROR] Failed to load resource: the server responded with a status of 500 (Internal Server Error) @ http://localhost:3000/api/v1/invitation:0
[ 1552686ms] [ERROR] Failed to load resource: the server responded with a status of 500 (Internal Server Error) @ http://localhost:3000/api/v1/invitation:0
[ 1583012ms] [ERROR] Failed to load resource: the server responded with a status of 500 (Internal Server Error) @ http://localhost:3000/api/v1/invitation:0
[ 1613346ms] [ERROR] Failed to load resource: the server responded with a status of 500 (Internal Server Error) @ http://localhost:3000/api/v1/invitation:0
[ 1643693ms] [ERROR] Failed to load resource: the server responded with a status of 500 (Internal Server Error) @ http://localhost:3000/api/v1/invitation:0
[ 1674026ms] [ERROR] Failed to load resource: the server responded with a status of 500 (Internal Server Error) @ http://localhost:3000/api/v1/invitation:0
[ 1704372ms] [ERROR] Failed to load resource: the server responded with a status of 500 (Internal Server Error) @ http://localhost:3000/api/v1/invitation:0
[ 1734716ms] [ERROR] Failed to load resource: the server responded with a status of 500 (Internal Server Error) @ http://localhost:3000/api/v1/invitation:0
[ 1765050ms] [ERROR] Failed to load resource: the server responded with a status of 500 (Internal Server Error) @ http://localhost:3000/api/v1/invitation:0
[ 1795374ms] [ERROR] Failed to load resource: the server responded with a status of 500 (Internal Server Error) @ http://localhost:3000/api/v1/invitation:0
[ 1825729ms] [ERROR] Failed to load resource: the server responded with a status of 500 (Internal Server Error) @ http://localhost:3000/api/v1/invitation:0
[ 1856090ms] [ERROR] Failed to load resource: the server responded with a status of 500 (Internal Server Error) @ http://localhost:3000/api/v1/invitation:0
[ 1886425ms] [ERROR] Failed to load resource: the server responded with a status of 500 (Internal Server Error) @ http://localhost:3000/api/v1/invitation:0
[ 1916774ms] [ERROR] Failed to load resource: the server responded with a status of 500 (Internal Server Error) @ http://localhost:3000/api/v1/invitation:0
[ 1947112ms] [ERROR] Failed to load resource: the server responded with a status of 500 (Internal Server Error) @ http://localhost:3000/api/v1/invitation:0
[ 1977459ms] [ERROR] Failed to load resource: the server responded with a status of 500 (Internal Server Error) @ http://localhost:3000/api/v1/invitation:0
[ 2007798ms] [ERROR] Failed to load resource: the server responded with a status of 500 (Internal Server Error) @ http://localhost:3000/api/v1/invitation:0
[ 2038154ms] [ERROR] Failed to load resource: the server responded with a status of 500 (Internal Server Error) @ http://localhost:3000/api/v1/invitation:0
[ 2068499ms] [ERROR] Failed to load resource: the server responded with a status of 500 (Internal Server Error) @ http://localhost:3000/api/v1/invitation:0
[ 2098848ms] [ERROR] Failed to load resource: the server responded with a status of 500 (Internal Server Error) @ http://localhost:3000/api/v1/invitation:0
[ 2129182ms] [ERROR] Failed to load resource: the server responded with a status of 500 (Internal Server Error) @ http://localhost:3000/api/v1/invitation:0
[ 2159519ms] [ERROR] Failed to load resource: the server responded with a status of 500 (Internal Server Error) @ http://localhost:3000/api/v1/invitation:0
[ 2189852ms] [ERROR] Failed to load resource: the server responded with a status of 500 (Internal Server Error) @ http://localhost:3000/api/v1/invitation:0
[ 2220198ms] [ERROR] Failed to load resource: the server responded with a status of 500 (Internal Server Error) @ http://localhost:3000/api/v1/invitation:0
[ 2250539ms] [ERROR] Failed to load resource: the server responded with a status of 500 (Internal Server Error) @ http://localhost:3000/api/v1/invitation:0
[ 2280880ms] [ERROR] Failed to load resource: the server responded with a status of 500 (Internal Server Error) @ http://localhost:3000/api/v1/invitation:0
[ 2311206ms] [ERROR] Failed to load resource: the server responded with a status of 500 (Internal Server Error) @ http://localhost:3000/api/v1/invitation:0
[ 2341520ms] [ERROR] Failed to load resource: the server responded with a status of 500 (Internal Server Error) @ http://localhost:3000/api/v1/invitation:0
[ 2371864ms] [ERROR] Failed to load resource: the server responded with a status of 500 (Internal Server Error) @ http://localhost:3000/api/v1/invitation:0
[ 2402210ms] [ERROR] Failed to load resource: the server responded with a status of 500 (Internal Server Error) @ http://localhost:3000/api/v1/invitation:0
[ 2432540ms] [ERROR] Failed to load resource: the server responded with a status of 500 (Internal Server Error) @ http://localhost:3000/api/v1/invitation:0
[ 2462883ms] [ERROR] Failed to load resource: the server responded with a status of 500 (Internal Server Error) @ http://localhost:3000/api/v1/invitation:0
[ 2493211ms] [ERROR] Failed to load resource: the server responded with a status of 500 (Internal Server Error) @ http://localhost:3000/api/v1/invitation:0
[ 2523558ms] [ERROR] Failed to load resource: the server responded with a status of 500 (Internal Server Error) @ http://localhost:3000/api/v1/invitation:0
[ 2553909ms] [ERROR] Failed to load resource: the server responded with a status of 500 (Internal Server Error) @ http://localhost:3000/api/v1/invitation:0
[ 2584262ms] [ERROR] Failed to load resource: the server responded with a status of 500 (Internal Server Error) @ http://localhost:3000/api/v1/invitation:0
[ 2614607ms] [ERROR] Failed to load resource: the server responded with a status of 500 (Internal Server Error) @ http://localhost:3000/api/v1/invitation:0
[ 2644941ms] [ERROR] Failed to load resource: the server responded with a status of 500 (Internal Server Error) @ http://localhost:3000/api/v1/invitation:0
[ 2675266ms] [ERROR] Failed to load resource: the server responded with a status of 500 (Internal Server Error) @ http://localhost:3000/api/v1/invitation:0
[ 2705595ms] [ERROR] Failed to load resource: the server responded with a status of 500 (Internal Server Error) @ http://localhost:3000/api/v1/invitation:0
[ 2735920ms] [ERROR] Failed to load resource: the server responded with a status of 500 (Internal Server Error) @ http://localhost:3000/api/v1/invitation:0
[ 2766252ms] [ERROR] Failed to load resource: the server responded with a status of 500 (Internal Server Error) @ http://localhost:3000/api/v1/invitation:0
[ 2796581ms] [ERROR] Failed to load resource: the server responded with a status of 500 (Internal Server Error) @ http://localhost:3000/api/v1/invitation:0
[ 2826912ms] [ERROR] Failed to load resource: the server responded with a status of 500 (Internal Server Error) @ http://localhost:3000/api/v1/invitation:0
[ 2857231ms] [ERROR] Failed to load resource: the server responded with a status of 500 (Internal Server Error) @ http://localhost:3000/api/v1/invitation:0
[ 2887558ms] [ERROR] Failed to load resource: the server responded with a status of 500 (Internal Server Error) @ http://localhost:3000/api/v1/invitation:0
[ 2917899ms] [ERROR] Failed to load resource: the server responded with a status of 500 (Internal Server Error) @ http://localhost:3000/api/v1/invitation:0
[ 2948245ms] [ERROR] Failed to load resource: the server responded with a status of 500 (Internal Server Error) @ http://localhost:3000/api/v1/invitation:0
[ 2978591ms] [ERROR] Failed to load resource: the server responded with a status of 500 (Internal Server Error) @ http://localhost:3000/api/v1/invitation:0
[ 3008949ms] [ERROR] Failed to load resource: the server responded with a status of 500 (Internal Server Error) @ http://localhost:3000/api/v1/invitation:0
[ 3039276ms] [ERROR] Failed to load resource: the server responded with a status of 500 (Internal Server Error) @ http://localhost:3000/api/v1/invitation:0
[ 3069616ms] [ERROR] Failed to load resource: the server responded with a status of 500 (Internal Server Error) @ http://localhost:3000/api/v1/invitation:0
[ 3099956ms] [ERROR] Failed to load resource: the server responded with a status of 500 (Internal Server Error) @ http://localhost:3000/api/v1/invitation:0
[ 3130300ms] [ERROR] Failed to load resource: the server responded with a status of 500 (Internal Server Error) @ http://localhost:3000/api/v1/invitation:0
[ 3160647ms] [ERROR] Failed to load resource: the server responded with a status of 500 (Internal Server Error) @ http://localhost:3000/api/v1/invitation:0
[ 3190979ms] [ERROR] Failed to load resource: the server responded with a status of 500 (Internal Server Error) @ http://localhost:3000/api/v1/invitation:0
[ 3221318ms] [ERROR] Failed to load resource: the server responded with a status of 500 (Internal Server Error) @ http://localhost:3000/api/v1/invitation:0
[ 3251655ms] [ERROR] Failed to load resource: the server responded with a status of 500 (Internal Server Error) @ http://localhost:3000/api/v1/invitation:0
[ 3281965ms] [ERROR] Failed to load resource: the server responded with a status of 500 (Internal Server Error) @ http://localhost:3000/api/v1/invitation:0
[ 3299237ms] [LOG] [Fast Refresh] rebuilding @ webpack-internal:///(app-pages-browser)/./node_modules/next/dist/client/components/react-dev-overlay/app/hot-reloader-client.js:241
[ 3300318ms] [LOG] [Fast Refresh] done in 1080ms @ webpack-internal:///(app-pages-browser)/./node_modules/next/dist/client/components/react-dev-overlay/app/hot-reloader-client.js:73
[ 3300603ms] [LOG] [Fast Refresh] rebuilding @ webpack-internal:///(app-pages-browser)/./node_modules/next/dist/client/components/react-dev-overlay/app/hot-reloader-client.js:241
[ 3302379ms] [LOG] [Fast Refresh] done in 1775ms @ webpack-internal:///(app-pages-browser)/./node_modules/next/dist/client/components/react-dev-overlay/app/hot-reloader-client.js:73
[ 3305389ms] [WARNING] The resource http://localhost:3000/_next/static/css/app/layout.css?v=1775722223660 was preloaded using link preload but not used within a few seconds from the window's load event. Please make sure it has an appropriate `as` value and it is preloaded intentionally. @ http://localhost:3000/dashboard/builder:0
[ 3306828ms] [LOG] [Fast Refresh] rebuilding @ webpack-internal:///(app-pages-browser)/./node_modules/next/dist/client/components/react-dev-overlay/app/hot-reloader-client.js:241
[ 3307127ms] [LOG] [Fast Refresh] done in 300ms @ webpack-internal:///(app-pages-browser)/./node_modules/next/dist/client/components/react-dev-overlay/app/hot-reloader-client.js:73
[ 3307580ms] [ERROR] Failed to load resource: the server responded with a status of 500 (Internal Server Error) @ http://localhost:3000/api/v1/auth/user:0
[ 3307645ms] [ERROR] Failed to load resource: the server responded with a status of 500 (Internal Server Error) @ http://localhost:3000/_next/static/css/app/layout.css?v=1775722223660:0
[ 3307691ms] Event
[ 3331402ms] [LOG] [Fast Refresh] rebuilding @ webpack-internal:///(app-pages-browser)/./node_modules/next/dist/client/components/react-dev-overlay/app/hot-reloader-client.js:241
[ 3331871ms] [LOG] [Fast Refresh] done in 469ms @ webpack-internal:///(app-pages-browser)/./node_modules/next/dist/client/components/react-dev-overlay/app/hot-reloader-client.js:73
[ 3332563ms] [ERROR] Failed to load resource: the server responded with a status of 500 (Internal Server Error) @ http://localhost:3000/dashboard/builder?_rsc=1wfk7:0
