0 verbose cli C:\Program Files\nodejs\node.exe C:\Program Files\nodejs\node_modules\npm\bin\npm-cli.js
1 info using npm@11.6.2
2 info using node@v24.13.0
3 silly config load:file:C:\Program Files\nodejs\node_modules\npm\npmrc
4 silly config load:file:C:\Users\Asus\Desktop\WEDDING\frontend\.npmrc
5 silly config load:file:C:\Users\Asus\.npmrc
6 silly config load:file:C:\Users\Asus\AppData\Roaming\npm\etc\npmrc
7 verbose title npm install zustand
8 verbose argv "install" "zustand" "--cache" ".npm-cache"
9 verbose logfile logs-max:10 dir:C:\Users\Asus\Desktop\WEDDING\frontend\.npm-cache\_logs\2026-03-29T06_38_57_017Z-
10 verbose logfile C:\Users\Asus\Desktop\WEDDING\frontend\.npm-cache\_logs\2026-03-29T06_38_57_017Z-debug-0.log
11 silly logfile done cleaning log files
12 silly packumentCache heap:4496293888 maxSize:1124073472 maxEntrySize:562036736
13 silly idealTree buildDeps
14 silly fetch manifest zustand@*
15 silly packumentCache full:https://registry.npmjs.org/zustand cache-miss
16 http fetch GET 200 https://registry.npmjs.org/zustand 1009ms (cache miss)
17 silly packumentCache full:https://registry.npmjs.org/zustand set size:undefined disposed:false
18 silly fetch manifest @types/react@19.0.8
19 silly packumentCache full:https://registry.npmjs.org/@types%2freact cache-miss
20 http fetch GET 200 https://registry.npmjs.org/@types%2freact 319ms (cache miss)
21 silly packumentCache full:https://registry.npmjs.org/@types%2freact set size:undefined disposed:false
22 silly fetch manifest immer@>=9.0.6
23 silly packumentCache full:https://registry.npmjs.org/immer cache-miss
24 http fetch GET 200 https://registry.npmjs.org/immer 152ms (cache miss)
25 silly packumentCache full:https://registry.npmjs.org/immer set size:undefined disposed:false
26 silly fetch manifest react@19.0.0
27 silly packumentCache full:https://registry.npmjs.org/react cache-miss
28 http fetch GET 200 https://registry.npmjs.org/react 134ms (cache revalidated)
29 silly packumentCache full:https://registry.npmjs.org/react set size:6569208 disposed:false
30 silly fetch manifest use-sync-external-store@>=1.2.0
31 silly packumentCache full:https://registry.npmjs.org/use-sync-external-store cache-miss
32 http fetch GET 200 https://registry.npmjs.org/use-sync-external-store 264ms (cache miss)
33 silly packumentCache full:https://registry.npmjs.org/use-sync-external-store set size:undefined disposed:false
34 silly placeDep ROOT zustand@5.0.12 OK for: wedding-online-frontend@0.1.0 want: *
35 silly reify moves {}
36 silly audit bulk request {
36 silly audit   '@alloc/quick-lru': [ '5.2.0' ],
36 silly audit   '@emnapi/core': [ '1.9.1' ],
36 silly audit   '@emnapi/runtime': [ '1.9.1' ],
36 silly audit   '@emnapi/wasi-threads': [ '1.2.0' ],
36 silly audit   '@eslint-community/eslint-utils': [ '4.9.1' ],
36 silly audit   'eslint-visitor-keys': [ '3.4.3', '5.0.1', '4.2.1' ],
36 silly audit   '@eslint-community/regexpp': [ '4.12.2' ],
36 silly audit   '@eslint/config-array': [ '0.19.2' ],
36 silly audit   '@eslint/core': [ '0.10.0', '0.13.0' ],
36 silly audit   '@eslint/eslintrc': [ '3.2.0' ],
36 silly audit   '@eslint/js': [ '9.19.0' ],
36 silly audit   '@eslint/object-schema': [ '2.1.7' ],
36 silly audit   '@eslint/plugin-kit': [ '0.2.8' ],
36 silly audit   '@hookform/resolvers': [ '5.2.2' ],
36 silly audit   '@humanfs/core': [ '0.19.1' ],
36 silly audit   '@humanfs/node': [ '0.16.7' ],
36 silly audit   '@humanwhocodes/module-importer': [ '1.0.1' ],
36 silly audit   '@humanwhocodes/retry': [ '0.4.3' ],
36 silly audit   '@img/sharp-darwin-arm64': [ '0.33.5' ],
36 silly audit   '@img/sharp-darwin-x64': [ '0.33.5' ],
36 silly audit   '@img/sharp-libvips-darwin-arm64': [ '1.0.4' ],
36 silly audit   '@img/sharp-libvips-darwin-x64': [ '1.0.4' ],
36 silly audit   '@img/sharp-libvips-linux-arm': [ '1.0.5' ],
36 silly audit   '@img/sharp-libvips-linux-arm64': [ '1.0.4' ],
36 silly audit   '@img/sharp-libvips-linux-s390x': [ '1.0.4' ],
36 silly audit   '@img/sharp-libvips-linux-x64': [ '1.0.4' ],
36 silly audit   '@img/sharp-libvips-linuxmusl-arm64': [ '1.0.4' ],
36 silly audit   '@img/sharp-libvips-linuxmusl-x64': [ '1.0.4' ],
36 silly audit   '@img/sharp-linux-arm': [ '0.33.5' ],
36 silly audit   '@img/sharp-linux-arm64': [ '0.33.5' ],
36 silly audit   '@img/sharp-linux-s390x': [ '0.33.5' ],
36 silly audit   '@img/sharp-linux-x64': [ '0.33.5' ],
36 silly audit   '@img/sharp-linuxmusl-arm64': [ '0.33.5' ],
36 silly audit   '@img/sharp-linuxmusl-x64': [ '0.33.5' ],
36 silly audit   '@img/sharp-wasm32': [ '0.33.5' ],
36 silly audit   '@img/sharp-win32-ia32': [ '0.33.5' ],
36 silly audit   '@img/sharp-win32-x64': [ '0.33.5' ],
36 silly audit   '@jridgewell/gen-mapping': [ '0.3.13' ],
36 silly audit   '@jridgewell/remapping': [ '2.3.5' ],
36 silly audit   '@jridgewell/resolve-uri': [ '3.1.2' ],
36 silly audit   '@jridgewell/sourcemap-codec': [ '1.5.5' ],
36 silly audit   '@jridgewell/trace-mapping': [ '0.3.31' ],
36 silly audit   '@napi-rs/wasm-runtime': [ '0.2.12' ],
36 silly audit   '@next/env': [ '15.2.0' ],
36 silly audit   '@next/eslint-plugin-next': [ '15.2.0' ],
36 silly audit   '@next/swc-darwin-arm64': [ '15.2.0' ],
36 silly audit   '@next/swc-darwin-x64': [ '15.2.0' ],
36 silly audit   '@next/swc-linux-arm64-gnu': [ '15.2.0' ],
36 silly audit   '@next/swc-linux-arm64-musl': [ '15.2.0' ],
36 silly audit   '@next/swc-linux-x64-gnu': [ '15.2.0' ],
36 silly audit   '@next/swc-linux-x64-musl': [ '15.2.0' ],
36 silly audit   '@next/swc-win32-arm64-msvc': [ '15.2.0' ],
36 silly audit   '@next/swc-win32-x64-msvc': [ '15.2.0' ],
36 silly audit   '@nodelib/fs.scandir': [ '2.1.5' ],
36 silly audit   '@nodelib/fs.stat': [ '2.0.5' ],
36 silly audit   '@nodelib/fs.walk': [ '1.2.8' ],
36 silly audit   '@nolyfill/is-core-module': [ '1.0.39' ],
36 silly audit   '@rtsao/scc': [ '1.1.0' ],
36 silly audit   '@rushstack/eslint-patch': [ '1.16.1' ],
36 silly audit   '@standard-schema/utils': [ '0.3.0' ],
36 silly audit   '@swc/counter': [ '0.1.3' ],
36 silly audit   '@swc/helpers': [ '0.5.15' ],
36 silly audit   '@tailwindcss/node': [ '4.2.2' ],
36 silly audit   tailwindcss: [ '4.2.2', '4.0.0' ],
36 silly audit   '@tailwindcss/oxide': [ '4.2.2' ],
36 silly audit   '@tailwindcss/oxide-android-arm64': [ '4.2.2' ],
36 silly audit   '@tailwindcss/oxide-darwin-arm64': [ '4.2.2' ],
36 silly audit   '@tailwindcss/oxide-darwin-x64': [ '4.2.2' ],
36 silly audit   '@tailwindcss/oxide-freebsd-x64': [ '4.2.2' ],
36 silly audit   '@tailwindcss/oxide-linux-arm-gnueabihf': [ '4.2.2' ],
36 silly audit   '@tailwindcss/oxide-linux-arm64-gnu': [ '4.2.2' ],
36 silly audit   '@tailwindcss/oxide-linux-arm64-musl': [ '4.2.2' ],
36 silly audit   '@tailwindcss/oxide-linux-x64-gnu': [ '4.2.2' ],
36 silly audit   '@tailwindcss/oxide-linux-x64-musl': [ '4.2.2' ],
36 silly audit   '@tailwindcss/oxide-wasm32-wasi': [ '4.2.2' ],
36 silly audit   '@tailwindcss/oxide-win32-arm64-msvc': [ '4.2.2' ],
36 silly audit   '@tailwindcss/oxide-win32-x64-msvc': [ '4.2.2' ],
36 silly audit   '@tailwindcss/postcss': [ '4.0.0' ],
36 silly audit   '@tanstack/query-core': [ '5.95.2' ],
36 silly audit   '@tanstack/react-query': [ '5.95.2' ],
36 silly audit   '@tybys/wasm-util': [ '0.10.1' ],
36 silly audit   '@types/estree': [ '1.0.8' ],
36 silly audit   '@types/json-schema': [ '7.0.15' ],
36 silly audit   '@types/json5': [ '0.0.29' ],
36 silly audit   '@types/node': [ '22.13.1' ],
36 silly audit   '@types/react': [ '19.0.8' ],
36 silly audit   '@types/react-dom': [ '19.0.3' ],
36 silly audit   '@typescript-eslint/eslint-plugin': [ '8.57.2' ],
36 silly audit   ignore: [ '7.0.5', '5.3.2' ],
36 silly audit   '@typescript-eslint/parser': [ '8.57.2' ],
36 silly audit   '@typescript-eslint/project-service': [ '8.57.2' ],
36 silly audit   '@typescript-eslint/scope-manager': [ '8.57.2' ],
36 silly audit   '@typescript-eslint/tsconfig-utils': [ '8.57.2' ],
36 silly audit   '@typescript-eslint/type-utils': [ '8.57.2' ],
36 silly audit   '@typescript-eslint/types': [ '8.57.2' ],
36 silly audit   '@typescript-eslint/typescript-estree': [ '8.57.2' ],
36 silly audit   'balanced-match': [ '4.0.4', '1.0.2' ],
36 silly audit   'brace-expansion': [ '5.0.5', '1.1.13' ],
36 silly audit   minimatch: [ '10.2.4', '3.1.5' ],
36 silly audit   '@typescript-eslint/utils': [ '8.57.2' ],
36 silly audit   '@typescript-eslint/visitor-keys': [ '8.57.2' ],
36 silly audit   '@unrs/resolver-binding-android-arm-eabi': [ '1.11.1' ],
36 silly audit   '@unrs/resolver-binding-android-arm64': [ '1.11.1' ],
36 silly audit   '@unrs/resolver-binding-darwin-arm64': [ '1.11.1' ],
36 silly audit   '@unrs/resolver-binding-darwin-x64': [ '1.11.1' ],
36 silly audit   '@unrs/resolver-binding-freebsd-x64': [ '1.11.1' ],
36 silly audit   '@unrs/resolver-binding-linux-arm-gnueabihf': [ '1.11.1' ],
36 silly audit   '@unrs/resolver-binding-linux-arm-musleabihf': [ '1.11.1' ],
36 silly audit   '@unrs/resolver-binding-linux-arm64-gnu': [ '1.11.1' ],
36 silly audit   '@unrs/resolver-binding-linux-arm64-musl': [ '1.11.1' ],
36 silly audit   '@unrs/resolver-binding-linux-ppc64-gnu': [ '1.11.1' ],
36 silly audit   '@unrs/resolver-binding-linux-riscv64-gnu': [ '1.11.1' ],
36 silly audit   '@unrs/resolver-binding-linux-riscv64-musl': [ '1.11.1' ],
36 silly audit   '@unrs/resolver-binding-linux-s390x-gnu': [ '1.11.1' ],
36 silly audit   '@unrs/resolver-binding-linux-x64-gnu': [ '1.11.1' ],
36 silly audit   '@unrs/resolver-binding-linux-x64-musl': [ '1.11.1' ],
36 silly audit   '@unrs/resolver-binding-wasm32-wasi': [ '1.11.1' ],
36 silly audit   '@unrs/resolver-binding-win32-arm64-msvc': [ '1.11.1' ],
36 silly audit   '@unrs/resolver-binding-win32-ia32-msvc': [ '1.11.1' ],
36 silly audit   '@unrs/resolver-binding-win32-x64-msvc': [ '1.11.1' ],
36 silly audit   acorn: [ '8.16.0' ],
36 silly audit   'acorn-jsx': [ '5.3.2' ],
36 silly audit   ajv: [ '6.14.0' ],
36 silly audit   'ansi-styles': [ '4.3.0' ],
36 silly audit   argparse: [ '2.0.1' ],
36 silly audit   'aria-query': [ '5.3.2' ],
36 silly audit   'array-buffer-byte-length': [ '1.0.2' ],
36 silly audit   'array-includes': [ '3.1.9' ],
36 silly audit   'array.prototype.findlast': [ '1.2.5' ],
36 silly audit   'array.prototype.findlastindex': [ '1.2.6' ],
36 silly audit   'array.prototype.flat': [ '1.3.3' ],
36 silly audit   'array.prototype.flatmap': [ '1.3.3' ],
36 silly audit   'array.prototype.tosorted': [ '1.1.4' ],
36 silly audit   'arraybuffer.prototype.slice': [ '1.0.4' ],
36 silly audit   'ast-types-flow': [ '0.0.8' ],
36 silly audit   'async-function': [ '1.0.0' ],
36 silly audit   asynckit: [ '0.4.0' ],
36 silly audit   'available-typed-arrays': [ '1.0.7' ],
36 silly audit   'axe-core': [ '4.11.1' ],
36 silly audit   axios: [ '1.14.0' ],
36 silly audit   'axobject-query': [ '4.1.0' ],
36 silly audit   braces: [ '3.0.3' ],
36 silly audit   busboy: [ '1.6.0' ],
36 silly audit   'call-bind': [ '1.0.8' ],
36 silly audit   'call-bind-apply-helpers': [ '1.0.2' ],
36 silly audit   'call-bound': [ '1.0.4' ],
36 silly audit   callsites: [ '3.1.0' ],
36 silly audit   'caniuse-lite': [ '1.0.30001781' ],
36 silly audit   chalk: [ '4.1.2' ],
36 silly audit   'client-only': [ '0.0.1' ],
36 silly audit   color: [ '4.2.3' ],
36 silly audit   'color-convert': [ '2.0.1' ],
36 silly audit   'color-name': [ '1.1.4' ],
36 silly audit   'color-string': [ '1.9.1' ],
36 silly audit   'combined-stream': [ '1.0.8' ],
36 silly audit   'concat-map': [ '0.0.1' ],
36 silly audit   'cross-spawn': [ '7.0.6' ],
36 silly audit   csstype: [ '3.2.3' ],
36 silly audit   'damerau-levenshtein': [ '1.0.8' ],
36 silly audit   'data-view-buffer': [ '1.0.2' ],
36 silly audit   'data-view-byte-length': [ '1.0.2' ],
36 silly audit   'data-view-byte-offset': [ '1.0.1' ],
36 silly audit   debug: [ '4.4.3', '3.2.7' ],
36 silly audit   'deep-is': [ '0.1.4' ],
36 silly audit   'define-data-property': [ '1.1.4' ],
36 silly audit   'define-properties': [ '1.2.1' ],
36 silly audit   'delayed-stream': [ '1.0.0' ],
36 silly audit   'detect-libc': [ '2.1.2' ],
36 silly audit   doctrine: [ '2.1.0' ],
36 silly audit   'dunder-proto': [ '1.0.1' ],
36 silly audit   'emoji-regex': [ '9.2.2' ],
36 silly audit   'enhanced-resolve': [ '5.20.1' ],
36 silly audit   'es-abstract': [ '1.24.1' ],
36 silly audit   'es-define-property': [ '1.0.1' ],
36 silly audit   'es-errors': [ '1.3.0' ],
36 silly audit   'es-iterator-helpers': [ '1.3.1' ],
36 silly audit   'es-object-atoms': [ '1.1.1' ],
36 silly audit   'es-set-tostringtag': [ '2.1.0' ],
36 silly audit   'es-shim-unscopables': [ '1.1.0' ],
36 silly audit   'es-to-primitive': [ '1.3.0' ],
36 silly audit   'escape-string-regexp': [ '4.0.0' ],
36 silly audit   eslint: [ '9.19.0' ],
36 silly audit   'eslint-config-next': [ '15.2.0' ],
36 silly audit   'eslint-import-resolver-node': [ '0.3.9' ],
36 silly audit   'eslint-import-resolver-typescript': [ '3.10.1' ],
36 silly audit   'eslint-module-utils': [ '2.12.1' ],
36 silly audit   'eslint-plugin-import': [ '2.32.0' ],
36 silly audit   semver: [ '6.3.1', '7.7.4' ],
36 silly audit   'eslint-plugin-jsx-a11y': [ '6.10.2' ],
36 silly audit   'eslint-plugin-react': [ '7.37.5' ],
36 silly audit   'eslint-plugin-react-hooks': [ '5.2.0' ],
36 silly audit   resolve: [ '2.0.0-next.6', '1.22.11' ],
36 silly audit   'eslint-scope': [ '8.4.0' ],
36 silly audit   espree: [ '10.4.0' ],
36 silly audit   esquery: [ '1.7.0' ],
36 silly audit   esrecurse: [ '4.3.0' ],
36 silly audit   estraverse: [ '5.3.0' ],
36 silly audit   esutils: [ '2.0.3' ],
36 silly audit   'fast-deep-equal': [ '3.1.3' ],
36 silly audit   'fast-glob': [ '3.3.1' ],
36 silly audit   'glob-parent': [ '5.1.2', '6.0.2' ],
36 silly audit   'fast-json-stable-stringify': [ '2.1.0' ],
36 silly audit   'fast-levenshtein': [ '2.0.6' ],
36 silly audit   fastq: [ '1.20.1' ],
36 silly audit   'file-entry-cache': [ '8.0.0' ],
36 silly audit   'fill-range': [ '7.1.1' ],
36 silly audit   'find-up': [ '5.0.0' ],
36 silly audit   'flat-cache': [ '4.0.1' ],
36 silly audit   flatted: [ '3.4.2' ],
36 silly audit   'follow-redirects': [ '1.15.11' ],
36 silly audit   'for-each': [ '0.3.5' ],
36 silly audit   'form-data': [ '4.0.5' ],
36 silly audit   'function-bind': [ '1.1.2' ],
36 silly audit   'function.prototype.name': [ '1.1.8' ],
36 silly audit   'functions-have-names': [ '1.2.3' ],
36 silly audit   'generator-function': [ '2.0.1' ],
36 silly audit   'get-intrinsic': [ '1.3.0' ],
36 silly audit   'get-proto': [ '1.0.1' ],
36 silly audit   'get-symbol-description': [ '1.1.0' ],
36 silly audit   'get-tsconfig': [ '4.13.7' ],
36 silly audit   globals: [ '14.0.0' ],
36 silly audit   globalthis: [ '1.0.4' ],
36 silly audit   gopd: [ '1.2.0' ],
36 silly audit   'graceful-fs': [ '4.2.11' ],
36 silly audit   'has-bigints': [ '1.1.0' ],
36 silly audit   'has-flag': [ '4.0.0' ],
36 silly audit   'has-property-descriptors': [ '1.0.2' ],
36 silly audit   'has-proto': [ '1.2.0' ],
36 silly audit   'has-symbols': [ '1.1.0' ],
36 silly audit   'has-tostringtag': [ '1.0.2' ],
36 silly audit   hasown: [ '2.0.2' ],
36 silly audit   'import-fresh': [ '3.3.1' ],
36 silly audit   imurmurhash: [ '0.1.4' ],
36 silly audit   'internal-slot': [ '1.1.0' ],
36 silly audit   'is-array-buffer': [ '3.0.5' ],
36 silly audit   'is-arrayish': [ '0.3.4' ],
36 silly audit   'is-async-function': [ '2.1.1' ],
36 silly audit   'is-bigint': [ '1.1.0' ],
36 silly audit   'is-boolean-object': [ '1.2.2' ],
36 silly audit   'is-bun-module': [ '2.0.0' ],
36 silly audit   'is-callable': [ '1.2.7' ],
36 silly audit   'is-core-module': [ '2.16.1' ],
36 silly audit   'is-data-view': [ '1.0.2' ],
36 silly audit   'is-date-object': [ '1.1.0' ],
36 silly audit   'is-extglob': [ '2.1.1' ],
36 silly audit   'is-finalizationregistry': [ '1.1.1' ],
36 silly audit   'is-generator-function': [ '1.1.2' ],
36 silly audit   'is-glob': [ '4.0.3' ],
36 silly audit   'is-map': [ '2.0.3' ],
36 silly audit   'is-negative-zero': [ '2.0.3' ],
36 silly audit   'is-number': [ '7.0.0' ],
36 silly audit   'is-number-object': [ '1.1.1' ],
36 silly audit   'is-regex': [ '1.2.1' ],
36 silly audit   'is-set': [ '2.0.3' ],
36 silly audit   'is-shared-array-buffer': [ '1.0.4' ],
36 silly audit   'is-string': [ '1.1.1' ],
36 silly audit   'is-symbol': [ '1.1.1' ],
36 silly audit   'is-typed-array': [ '1.1.15' ],
36 silly audit   'is-weakmap': [ '2.0.2' ],
36 silly audit   'is-weakref': [ '1.1.1' ],
36 silly audit   'is-weakset': [ '2.0.4' ],
36 silly audit   isarray: [ '2.0.5' ],
36 silly audit   isexe: [ '2.0.0' ],
36 silly audit   'iterator.prototype': [ '1.1.5' ],
36 silly audit   jiti: [ '2.6.1' ],
36 silly audit   'js-tokens': [ '4.0.0' ],
36 silly audit   'js-yaml': [ '4.1.1' ],
36 silly audit   'json-buffer': [ '3.0.1' ],
36 silly audit   'json-schema-traverse': [ '0.4.1' ],
36 silly audit   'json-stable-stringify-without-jsonify': [ '1.0.1' ],
36 silly audit   json5: [ '1.0.2' ],
36 silly audit   'jsx-ast-utils': [ '3.3.5' ],
36 silly audit   keyv: [ '4.5.4' ],
36 silly audit   'language-subtag-registry': [ '0.3.23' ],
36 silly audit   'language-tags': [ '1.0.9' ],
36 silly audit   levn: [ '0.4.1' ],
36 silly audit   lightningcss: [ '1.32.0' ],
36 silly audit   'lightningcss-android-arm64': [ '1.32.0' ],
36 silly audit   'lightningcss-darwin-arm64': [ '1.32.0' ],
36 silly audit   'lightningcss-darwin-x64': [ '1.32.0' ],
36 silly audit   'lightningcss-freebsd-x64': [ '1.32.0' ],
36 silly audit   'lightningcss-linux-arm-gnueabihf': [ '1.32.0' ],
36 silly audit   'lightningcss-linux-arm64-gnu': [ '1.32.0' ],
36 silly audit   'lightningcss-linux-arm64-musl': [ '1.32.0' ],
36 silly audit   'lightningcss-linux-x64-gnu': [ '1.32.0' ],
36 silly audit   'lightningcss-linux-x64-musl': [ '1.32.0' ],
36 silly audit   'lightningcss-win32-arm64-msvc': [ '1.32.0' ],
36 silly audit   'lightningcss-win32-x64-msvc': [ '1.32.0' ],
36 silly audit   'locate-path': [ '6.0.0' ],
36 silly audit   'lodash.merge': [ '4.6.2' ],
36 silly audit   'loose-envify': [ '1.4.0' ],
36 silly audit   'magic-string': [ '0.30.21' ],
36 silly audit   'math-intrinsics': [ '1.1.0' ],
36 silly audit   merge2: [ '1.4.1' ],
36 silly audit   micromatch: [ '4.0.8' ],
36 silly audit   'mime-db': [ '1.52.0' ],
36 silly audit   'mime-types': [ '2.1.35' ],
36 silly audit   minimist: [ '1.2.8' ],
36 silly audit   ms: [ '2.1.3' ],
36 silly audit   nanoid: [ '3.3.11' ],
36 silly audit   'napi-postinstall': [ '0.3.4' ],
36 silly audit   'natural-compare': [ '1.4.0' ],
36 silly audit   next: [ '15.2.0' ],
36 silly audit   postcss: [ '8.4.31', '8.5.8' ],
36 silly audit   'node-exports-info': [ '1.6.0' ],
36 silly audit   'object-assign': [ '4.1.1' ],
36 silly audit   'object-inspect': [ '1.13.4' ],
36 silly audit   'object-keys': [ '1.1.1' ],
36 silly audit   'object.assign': [ '4.1.7' ],
36 silly audit   'object.entries': [ '1.1.9' ],
36 silly audit   'object.fromentries': [ '2.0.8' ],
36 silly audit   'object.groupby': [ '1.0.3' ],
36 silly audit   'object.values': [ '1.2.1' ],
36 silly audit   optionator: [ '0.9.4' ],
36 silly audit   'own-keys': [ '1.0.1' ],
36 silly audit   'p-limit': [ '3.1.0' ],
36 silly audit   'p-locate': [ '5.0.0' ],
36 silly audit   'parent-module': [ '1.0.1' ],
36 silly audit   'path-exists': [ '4.0.0' ],
36 silly audit   'path-key': [ '3.1.1' ],
36 silly audit   'path-parse': [ '1.0.7' ],
36 silly audit   picocolors: [ '1.1.1' ],
36 silly audit   picomatch: [ '2.3.2', '4.0.4' ],
36 silly audit   'possible-typed-array-names': [ '1.1.0' ],
36 silly audit   'prelude-ls': [ '1.2.1' ],
36 silly audit   'prop-types': [ '15.8.1' ],
36 silly audit   'proxy-from-env': [ '2.1.0' ],
36 silly audit   punycode: [ '2.3.1' ],
36 silly audit   'queue-microtask': [ '1.2.3' ],
36 silly audit   react: [ '19.0.0' ],
36 silly audit   'react-dom': [ '19.0.0' ],
36 silly audit   'react-hook-form': [ '7.72.0' ],
36 silly audit   'react-is': [ '16.13.1' ],
36 silly audit   'reflect.getprototypeof': [ '1.0.10' ],
36 silly audit   'regexp.prototype.flags': [ '1.5.4' ],
36 silly audit   'resolve-from': [ '4.0.0' ],
36 silly audit   'resolve-pkg-maps': [ '1.0.0' ],
36 silly audit   reusify: [ '1.1.0' ],
36 silly audit   'run-parallel': [ '1.2.0' ],
36 silly audit   'safe-array-concat': [ '1.1.3' ],
36 silly audit   'safe-push-apply': [ '1.0.0' ],
36 silly audit   'safe-regex-test': [ '1.1.0' ],
36 silly audit   scheduler: [ '0.25.0' ],
36 silly audit   'set-function-length': [ '1.2.2' ],
36 silly audit   'set-function-name': [ '2.0.2' ],
36 silly audit   'set-proto': [ '1.0.0' ],
36 silly audit   sharp: [ '0.33.5' ],
36 silly audit   'shebang-command': [ '2.0.0' ],
36 silly audit   'shebang-regex': [ '3.0.0' ],
36 silly audit   'side-channel': [ '1.1.0' ],
36 silly audit   'side-channel-list': [ '1.0.0' ],
36 silly audit   'side-channel-map': [ '1.0.1' ],
36 silly audit   'side-channel-weakmap': [ '1.0.2' ],
36 silly audit   'simple-swizzle': [ '0.2.4' ],
36 silly audit   'source-map-js': [ '1.2.1' ],
36 silly audit   'stable-hash': [ '0.0.5' ],
36 silly audit   'stop-iteration-iterator': [ '1.1.0' ],
36 silly audit   streamsearch: [ '1.1.0' ],
36 silly audit   'string.prototype.includes': [ '2.0.1' ],
36 silly audit   'string.prototype.matchall': [ '4.0.12' ],
36 silly audit   'string.prototype.repeat': [ '1.0.0' ],
36 silly audit   'string.prototype.trim': [ '1.2.10' ],
36 silly audit   'string.prototype.trimend': [ '1.0.9' ],
36 silly audit   'string.prototype.trimstart': [ '1.0.8' ],
36 silly audit   'strip-bom': [ '3.0.0' ],
36 silly audit   'strip-json-comments': [ '3.1.1' ],
36 silly audit   'styled-jsx': [ '5.1.6' ],
36 silly audit   'supports-color': [ '7.2.0' ],
36 silly audit   'supports-preserve-symlinks-flag': [ '1.0.0' ],
36 silly audit   tapable: [ '2.3.2' ],
36 silly audit   tinyglobby: [ '0.2.15' ],
36 silly audit   fdir: [ '6.5.0' ],
36 silly audit   'to-regex-range': [ '5.0.1' ],
36 silly audit   'ts-api-utils': [ '2.5.0' ],
36 silly audit   'tsconfig-paths': [ '3.15.0' ],
36 silly audit   tslib: [ '2.8.1' ],
36 silly audit   'type-check': [ '0.4.0' ],
36 silly audit   'typed-array-buffer': [ '1.0.3' ],
36 silly audit   'typed-array-byte-length': [ '1.0.3' ],
36 silly audit   'typed-array-byte-offset': [ '1.0.4' ],
36 silly audit   'typed-array-length': [ '1.0.7' ],
36 silly audit   typescript: [ '5.7.3' ],
36 silly audit   'unbox-primitive': [ '1.1.0' ],
36 silly audit   'undici-types': [ '6.20.0' ],
36 silly audit   'unrs-resolver': [ '1.11.1' ],
36 silly audit   'uri-js': [ '4.4.1' ],
36 silly audit   which: [ '2.0.2' ],
36 silly audit   'which-boxed-primitive': [ '1.1.1' ],
36 silly audit   'which-builtin-type': [ '1.2.1' ],
36 silly audit   'which-collection': [ '1.0.2' ],
36 silly audit   'which-typed-array': [ '1.1.20' ],
36 silly audit   'word-wrap': [ '1.2.5' ],
36 silly audit   'yocto-queue': [ '0.1.0' ],
36 silly audit   zod: [ '4.3.6' ],
36 silly audit   zustand: [ '5.0.12' ]
36 silly audit }
37 http cache zustand@https://registry.npmjs.org/zustand/-/zustand-5.0.12.tgz 0ms (cache hit)
38 silly tarball no local data for zustand@https://registry.npmjs.org/zustand/-/zustand-5.0.12.tgz. Extracting by manifest.
39 http fetch POST 200 https://registry.npmjs.org/-/npm/v1/security/advisories/bulk 297ms
40 silly audit report {
40 silly audit report   '@eslint/plugin-kit': [
40 silly audit report     {
40 silly audit report       id: 1106734,
40 silly audit report       url: 'https://github.com/advisories/GHSA-xffm-g5w8-qvg7',
40 silly audit report       title: '@eslint/plugin-kit is vulnerable to Regular Expression Denial of Service attacks through ConfigCommentParser',
40 silly audit report       severity: 'low',
40 silly audit report       vulnerable_versions: '<0.3.4',
40 silly audit report       cwe: [Array],
40 silly audit report       cvss: [Object]
40 silly audit report     }
40 silly audit report   ],
40 silly audit report   next: [
40 silly audit report     {
40 silly audit report       id: 1105462,
40 silly audit report       url: 'https://github.com/advisories/GHSA-3h52-269p-cp9r',
40 silly audit report       title: 'Information exposure in Next.js dev server due to lack of origin verification',
40 silly audit report       severity: 'low',
40 silly audit report       vulnerable_versions: '>=15.0.0 <15.2.2',
40 silly audit report       cwe: [Array],
40 silly audit report       cvss: [Object]
40 silly audit report     },
40 silly audit report     {
40 silly audit report       id: 1111371,
40 silly audit report       url: 'https://github.com/advisories/GHSA-9qr9-h5gf-34mp',
40 silly audit report       title: 'Next.js is vulnerable to RCE in React flight protocol',
40 silly audit report       severity: 'critical',
40 silly audit report       vulnerable_versions: '>=15.2.0-canary.0 <15.2.6',
40 silly audit report       cwe: [Array],
40 silly audit report       cvss: [Object]
40 silly audit report     },
40 silly audit report     {
40 silly audit report       id: 1111379,
40 silly audit report       url: 'https://github.com/advisories/GHSA-w37m-7fhw-fmv9',
40 silly audit report       title: 'Next Server Actions Source Code Exposure ',
40 silly audit report       severity: 'moderate',
40 silly audit report       vulnerable_versions: '>=15.2.0-canary.0 <15.2.7',
40 silly audit report       cwe: [Array],
40 silly audit report       cvss: [Object]
40 silly audit report     },
40 silly audit report     {
40 silly audit report       id: 1111388,
40 silly audit report       url: 'https://github.com/advisories/GHSA-mwv6-3258-q52c',
40 silly audit report       title: 'Next Vulnerable to Denial of Service with Server Components',
40 silly audit report       severity: 'high',
40 silly audit report       vulnerable_versions: '>=15.2.0-canary.0 <15.2.7',
40 silly audit report       cwe: [Array],
40 silly audit report       cvss: [Object]
40 silly audit report     },
40 silly audit report     {
40 silly audit report       id: 1107228,
40 silly audit report       url: 'https://github.com/advisories/GHSA-g5qg-72qw-gw5v',
40 silly audit report       title: 'Next.js Affected by Cache Key Confusion for Image Optimization API Routes',
40 silly audit report       severity: 'moderate',
40 silly audit report       vulnerable_versions: '>=15.0.0 <=15.4.4',
40 silly audit report       cwe: [Array],
40 silly audit report       cvss: [Object]
40 silly audit report     },
40 silly audit report     {
40 silly audit report       id: 1107514,
40 silly audit report       url: 'https://github.com/advisories/GHSA-xv57-4mr9-wg8v',
40 silly audit report       title: 'Next.js Content Injection Vulnerability for Image Optimization',
40 silly audit report       severity: 'moderate',
40 silly audit report       vulnerable_versions: '>=15.0.0 <=15.4.4',
40 silly audit report       cwe: [Array],
40 silly audit report       cvss: [Object]
40 silly audit report     },
40 silly audit report     {
40 silly audit report       id: 1107515,
40 silly audit report       url: 'https://github.com/advisories/GHSA-4342-x723-ch2f',
40 silly audit report       title: 'Next.js Improper Middleware Redirect Handling Leads to SSRF',
40 silly audit report       severity: 'moderate',
40 silly audit report       vulnerable_versions: '>=15.0.0-canary.0 <15.4.7',
40 silly audit report       cwe: [Array],
40 silly audit report       cvss: [Object]
40 silly audit report     },
40 silly audit report     {
40 silly audit report       id: 1112593,
40 silly audit report       url: 'https://github.com/advisories/GHSA-9g9p-9gw9-jx7f',
40 silly audit report       title: 'Next.js self-hosted applications vulnerable to DoS via Image Optimizer remotePatterns configuration',
40 silly audit report       severity: 'moderate',
40 silly audit report       vulnerable_versions: '>=10.0.0 <15.5.10',
40 silly audit report       cwe: [Array],
40 silly audit report       cvss: [Object]
40 silly audit report     },
40 silly audit report     {
40 silly audit report       id: 1112651,
40 silly audit report       url: 'https://github.com/advisories/GHSA-h25m-26qc-wcjf',
40 silly audit report       title: 'Next.js HTTP request deserialization can lead to DoS when using insecure React Server Components',
40 silly audit report       severity: 'high',
40 silly audit report       vulnerable_versions: '>=15.2.0-canary.0 <15.2.9',
40 silly audit report       cwe: [Array],
40 silly audit report       cvss: [Object]
40 silly audit report     },
40 silly audit report     {
40 silly audit report       id: 1113688,
40 silly audit report       url: 'https://github.com/advisories/GHSA-f82v-jwr5-mffw',
40 silly audit report       title: 'Authorization Bypass in Next.js Middleware',
40 silly audit report       severity: 'critical',
40 silly audit report       vulnerable_versions: '>=15.0.0 <15.2.3',
40 silly audit report       cwe: [Array],
40 silly audit report       cvss: [Object]
40 silly audit report     },
40 silly audit report     {
40 silly audit report       id: 1114897,
40 silly audit report       url: 'https://github.com/advisories/GHSA-ggv3-7p47-pfv8',
40 silly audit report       title: 'Next.js: HTTP request smuggling in rewrites',
40 silly audit report       severity: 'moderate',
40 silly audit report       vulnerable_versions: '>=9.5.0 <15.5.13',
40 silly audit report       cwe: [Array],
40 silly audit report       cvss: [Object]
40 silly audit report     },
40 silly audit report     {
40 silly audit report       id: 1114940,
40 silly audit report       url: 'https://github.com/advisories/GHSA-3x4c-7xq6-9pq8',
40 silly audit report       title: 'Next.js: Unbounded next/image disk cache growth can exhaust storage',
40 silly audit report       severity: 'moderate',
40 silly audit report       vulnerable_versions: '>=10.0.0 <15.5.14',
40 silly audit report       cwe: [Array],
40 silly audit report       cvss: [Object]
40 silly audit report     }
40 silly audit report   ]
40 silly audit report }
41 silly packumentCache corgi:https://registry.npmjs.org/@eslint%2fplugin-kit cache-miss
42 silly packumentCache corgi:https://registry.npmjs.org/next cache-miss
43 http fetch GET 200 https://registry.npmjs.org/next 176ms (cache revalidated)
44 silly packumentCache corgi:https://registry.npmjs.org/next set size:24466845 disposed:false
45 http fetch GET 200 https://registry.npmjs.org/zustand/-/zustand-5.0.12.tgz 1008ms (cache miss)
46 http fetch GET 200 https://registry.npmjs.org/@eslint%2fplugin-kit 940ms (cache revalidated)
47 silly packumentCache corgi:https://registry.npmjs.org/@eslint%2fplugin-kit set size:19087 disposed:false
48 silly packumentCache corgi:https://registry.npmjs.org/eslint cache-miss
49 http fetch GET 200 https://registry.npmjs.org/eslint 122ms (cache revalidated)
50 silly packumentCache corgi:https://registry.npmjs.org/eslint set size:1145130 disposed:false
51 silly packumentCache corgi:https://registry.npmjs.org/@eslint-community%2feslint-utils cache-miss
52 silly packumentCache corgi:https://registry.npmjs.org/@typescript-eslint%2feslint-plugin cache-miss
53 silly packumentCache corgi:https://registry.npmjs.org/@typescript-eslint%2fparser cache-miss
54 silly packumentCache corgi:https://registry.npmjs.org/@typescript-eslint%2ftype-utils cache-miss
55 silly packumentCache corgi:https://registry.npmjs.org/@typescript-eslint%2futils cache-miss
56 silly packumentCache corgi:https://registry.npmjs.org/eslint-config-next cache-miss
57 silly packumentCache corgi:https://registry.npmjs.org/eslint-import-resolver-typescript cache-miss
58 silly packumentCache corgi:https://registry.npmjs.org/eslint-plugin-import cache-miss
59 silly packumentCache corgi:https://registry.npmjs.org/eslint-plugin-jsx-a11y cache-miss
60 silly packumentCache corgi:https://registry.npmjs.org/eslint-plugin-react cache-miss
61 silly packumentCache corgi:https://registry.npmjs.org/eslint-plugin-react-hooks cache-miss
62 http fetch GET 200 https://registry.npmjs.org/@typescript-eslint%2fparser 162ms (cache revalidated)
63 silly packumentCache corgi:https://registry.npmjs.org/@typescript-eslint%2fparser set size:7947010 disposed:false
64 http fetch GET 200 https://registry.npmjs.org/@typescript-eslint%2ftype-utils 228ms (cache revalidated)
65 silly packumentCache corgi:https://registry.npmjs.org/@typescript-eslint%2ftype-utils set size:4563983 disposed:false
66 http fetch GET 200 https://registry.npmjs.org/@typescript-eslint%2feslint-plugin 283ms (cache revalidated)
67 silly packumentCache corgi:https://registry.npmjs.org/@typescript-eslint%2feslint-plugin set size:9429800 disposed:false
68 http fetch GET 200 https://registry.npmjs.org/eslint-plugin-import 459ms (cache revalidated)
69 silly packumentCache corgi:https://registry.npmjs.org/eslint-plugin-import set size:238396 disposed:false
70 http fetch GET 200 https://registry.npmjs.org/eslint-plugin-jsx-a11y 464ms (cache revalidated)
71 silly packumentCache corgi:https://registry.npmjs.org/eslint-plugin-jsx-a11y set size:108835 disposed:false
72 http fetch GET 200 https://registry.npmjs.org/eslint-plugin-react-hooks 476ms (cache revalidated)
73 silly packumentCache corgi:https://registry.npmjs.org/eslint-plugin-react-hooks set size:4103265 disposed:false
74 http fetch GET 200 https://registry.npmjs.org/eslint-plugin-react 510ms (cache revalidated)
75 silly packumentCache corgi:https://registry.npmjs.org/eslint-plugin-react set size:309843 disposed:false
76 http fetch GET 200 https://registry.npmjs.org/eslint-import-resolver-typescript 515ms (cache revalidated)
77 silly packumentCache corgi:https://registry.npmjs.org/eslint-import-resolver-typescript set size:138502 disposed:false
78 http fetch GET 200 https://registry.npmjs.org/@eslint-community%2feslint-utils 520ms (cache revalidated)
79 silly packumentCache corgi:https://registry.npmjs.org/@eslint-community%2feslint-utils set size:44347 disposed:false
80 http fetch GET 200 https://registry.npmjs.org/eslint-config-next 522ms (cache revalidated)
81 silly packumentCache corgi:https://registry.npmjs.org/eslint-config-next set size:3797191 disposed:false
82 http fetch GET 200 https://registry.npmjs.org/@typescript-eslint%2futils 566ms (cache revalidated)
83 silly packumentCache corgi:https://registry.npmjs.org/@typescript-eslint%2futils set size:4570507 disposed:false
84 silly ADD node_modules/zustand
85 verbose cwd C:\Users\Asus\Desktop\WEDDING\frontend
86 verbose os Windows_NT 10.0.26200
87 verbose node v24.13.0
88 verbose npm  v11.6.2
89 verbose exit 0
90 info ok
